Using pre-set license
Built from '2020.2/release' branch; Version is '2020.2.1f1 (270dd8c3da1c) revision 2559448'; Using compiler version '192528614'; Build Type 'Release'
OS: 'Windows 10  (10.0.0) 64bit' Language: 'ru' Physical Memory: 16332 MB
BatchMode: 1, IsHumanControllingUs: 0, StartBugReporterOnCrash: 0, Is64bit: 1, IsPro: 0

 COMMAND LINE ARGUMENTS:
D:\Program Files (x86)\Unity\Hub\Editor\2020.2.1f1\Editor\Unity.exe
-adb2
-batchMode
-noUpm
-name
AssetImportWorker0
-projectPath
E:/Папки/Проект/QuickPrint
-logFile
Logs/AssetImportWorker0.log
-srvPort
52270
Successfully changed project path to: E:/Папки/Проект/QuickPrint
E:/Папки/Проект/QuickPrint
Using Asset Import Pipeline V2.
Refreshing native plugins compatible for Editor in 45.61 ms, found 1 plugins.
Preloading 0 native plugins for Editor in 0.00 ms.
Initialize engine version: 2020.2.1f1 (270dd8c3da1c)
[Subsystems] Discovering subsystems at path D:/Program Files (x86)/Unity/Hub/Editor/2020.2.1f1/Editor/Data/Resources/UnitySubsystems
[Subsystems] Discovering subsystems at path E:/Папки/Проект/QuickPrint/Assets
GfxDevice: creating device client; threaded=0
Direct3D:
    Version:  Direct3D 11.0 [level 11.1]
    Renderer: Radeon RX 590 Series (ID=0x67df)
    Vendor:   
    VRAM:     8171 MB
    Driver:   27.20.15003.5017
Initialize mono
Mono path[0] = 'D:/Program Files (x86)/Unity/Hub/Editor/2020.2.1f1/Editor/Data/Managed'
Mono path[1] = 'D:/Program Files (x86)/Unity/Hub/Editor/2020.2.1f1/Editor/Data/MonoBleedingEdge/lib/mono/unityjit'
Mono config path = 'D:/Program Files (x86)/Unity/Hub/Editor/2020.2.1f1/Editor/Data/MonoBleedingEdge/etc'
Using monoOptions --debugger-agent=transport=dt_socket,embedding=1,server=y,suspend=n,address=127.0.0.1:56640
Begin MonoManager ReloadAssembly
Registering precompiled unity dll's ...
Register platform support module: D:/Program Files (x86)/Unity/Hub/Editor/2020.2.1f1/Editor/Data/PlaybackEngines/WebGLSupport/UnityEditor.WebGL.Extensions.dll
Register platform support module: D:/Program Files (x86)/Unity/Hub/Editor/2020.2.1f1/Editor/Data/PlaybackEngines/WindowsStandaloneSupport/UnityEditor.WindowsStandalone.Extensions.dll
Registered in 0.002164 seconds.
Native extension for WindowsStandalone target not found
Native extension for WebGL target not found
Refreshing native plugins compatible for Editor in 44.15 ms, found 1 plugins.
Preloading 0 native plugins for Editor in 0.00 ms.
Invoked RoslynAnalysisRunner static constructor.
RoslynAnalysisRunner will not be running.
RoslynAnalysisRunner has terminated.
Mono: successfully reloaded assembly
- Completed reload, in  1.873 seconds
Platform modules already initialized, skipping
Registering precompiled user dll's ...
Registered in 0.001208 seconds.
Begin MonoManager ReloadAssembly
Native extension for WindowsStandalone target not found
Native extension for WebGL target not found
Refreshing native plugins compatible for Editor in 40.72 ms, found 1 plugins.
Preloading 0 native plugins for Editor in 0.00 ms.
Invoked RoslynAnalysisRunner static constructor.
RoslynAnalysisRunner will not be running.
RoslynAnalysisRunner has terminated.
Mono: successfully reloaded assembly
- Completed reload, in  1.054 seconds
Platform modules already initialized, skipping
========================================================================
Worker process is ready to serve import requests
Launched and connected shader compiler UnityShaderCompiler.exe after 0.17 seconds
Refreshing native plugins compatible for Editor in 0.48 ms, found 1 plugins.
Preloading 0 native plugins for Editor in 0.00 ms.
Unloading 1789 Unused Serialized files (Serialized files now loaded: 0)
System memory in use before: 83.8 MB.
System memory in use after: 83.7 MB.

Unloading 24 unused Assets to reduce memory usage. Loaded Objects now: 2230.
Total: 2.282600 ms (FindLiveObjects: 0.260000 ms CreateObjectMapping: 0.053900 ms MarkObjects: 1.846400 ms  DeleteObjects: 0.120600 ms)

========================================================================
Received Import Request.
  path: Assets/Images/play_button.png
  artifactKey: Guid(1cc17e538dfe2d642868b46922d1ef9d) Importer(815301076,1909f56bfc062723c751e8b465ee728b)
Start importing Assets/Images/play_button.png using Guid(1cc17e538dfe2d642868b46922d1ef9d) Importer(815301076,1909f56bfc062723c751e8b465ee728b)  -> (artifact id: '14134c6cab33c1ac9468a3da0aa66cd7') in 0.117655 seconds
  Import took 0.120815 seconds .

========================================================================
Received Import Request.
  Time since last request: 0.000420 seconds.
  path: Assets/Images/logo.png
  artifactKey: Guid(82c0f2c6a233bdf439a0d22c6db93b78) Importer(815301076,1909f56bfc062723c751e8b465ee728b)
Start importing Assets/Images/logo.png using Guid(82c0f2c6a233bdf439a0d22c6db93b78) Importer(815301076,1909f56bfc062723c751e8b465ee728b)  -> (artifact id: '444db4bc00c394f1ca7b08b0bc73f414') in 0.036235 seconds
  Import took 0.066119 seconds .

========================================================================
Received Import Request.
  Time since last request: 10.475108 seconds.
  path: Assets/Images/play_button.png
  artifactKey: Guid(1cc17e538dfe2d642868b46922d1ef9d) Importer(815301076,1909f56bfc062723c751e8b465ee728b)
Start importing Assets/Images/play_button.png using Guid(1cc17e538dfe2d642868b46922d1ef9d) Importer(815301076,1909f56bfc062723c751e8b465ee728b)  -> (artifact id: 'f344af646f5995392b68a337c0367c11') in 0.012632 seconds
  Import took 0.021052 seconds .

========================================================================
Received Import Request.
  Time since last request: 0.000556 seconds.
  path: Assets/Images/logo.png
  artifactKey: Guid(82c0f2c6a233bdf439a0d22c6db93b78) Importer(815301076,1909f56bfc062723c751e8b465ee728b)
Start importing Assets/Images/logo.png using Guid(82c0f2c6a233bdf439a0d22c6db93b78) Importer(815301076,1909f56bfc062723c751e8b465ee728b)  -> (artifact id: '25e39b1209e4427987b6da0517e97541') in 0.011061 seconds
  Import took 0.034496 seconds .

========================================================================
Received Import Request.
  Time since last request: 0.005328 seconds.
  path: Assets/Images/logo.png
  artifactKey: Guid(82c0f2c6a233bdf439a0d22c6db93b78) Importer(815301076,1909f56bfc062723c751e8b465ee728b)
Start importing Assets/Images/logo.png using Guid(82c0f2c6a233bdf439a0d22c6db93b78) Importer(815301076,1909f56bfc062723c751e8b465ee728b)  -> (artifact id: '25e39b1209e4427987b6da0517e97541') in 0.011707 seconds
  Import took 0.014892 seconds .

========================================================================
Received Prepare
Registering precompiled user dll's ...
Registered in 0.001249 seconds.
Begin MonoManager ReloadAssembly
Native extension for WindowsStandalone target not found
Native extension for WebGL target not found
Refreshing native plugins compatible for Editor in 0.39 ms, found 1 plugins.
Preloading 0 native plugins for Editor in 0.00 ms.
Invoked RoslynAnalysisRunner static constructor.
RoslynAnalysisRunner will not be running.
RoslynAnalysisRunner has terminated.
Mono: successfully reloaded assembly
- Completed reload, in  0.924 seconds
Platform modules already initialized, skipping
Refreshing native plugins compatible for Editor in 0.42 ms, found 1 plugins.
Preloading 0 native plugins for Editor in 0.00 ms.
Unloading 1784 Unused Serialized files (Serialized files now loaded: 0)
System memory in use before: 86.9 MB.
System memory in use after: 86.9 MB.

Unloading 12 unused Assets to reduce memory usage. Loaded Objects now: 2241.
Total: 2.330400 ms (FindLiveObjects: 0.214000 ms CreateObjectMapping: 0.044000 ms MarkObjects: 1.952100 ms  DeleteObjects: 0.119100 ms)

========================================================================
Received Prepare
Registering precompiled user dll's ...
Registered in 0.001292 seconds.
Begin MonoManager ReloadAssembly
Native extension for WindowsStandalone target not found
Native extension for WebGL target not found
Refreshing native plugins compatible for Editor in 0.37 ms, found 1 plugins.
Preloading 0 native plugins for Editor in 0.00 ms.
Invoked RoslynAnalysisRunner static constructor.
RoslynAnalysisRunner will not be running.
RoslynAnalysisRunner has terminated.
Mono: successfully reloaded assembly
- Completed reload, in  0.871 seconds
Platform modules already initialized, skipping
Refreshing native plugins compatible for Editor in 0.37 ms, found 1 plugins.
Preloading 0 native plugins for Editor in 0.00 ms.
Unloading 1784 Unused Serialized files (Serialized files now loaded: 0)
System memory in use before: 87.0 MB.
System memory in use after: 87.0 MB.

Unloading 12 unused Assets to reduce memory usage. Loaded Objects now: 2244.
Total: 2.384700 ms (FindLiveObjects: 0.250300 ms CreateObjectMapping: 0.056000 ms MarkObjects: 1.959200 ms  DeleteObjects: 0.117800 ms)

========================================================================
Received Prepare
Registering precompiled user dll's ...
Registered in 0.001194 seconds.
Begin MonoManager ReloadAssembly
Native extension for WindowsStandalone target not found
Native extension for WebGL target not found
Refreshing native plugins compatible for Editor in 0.37 ms, found 1 plugins.
Preloading 0 native plugins for Editor in 0.00 ms.
Invoked RoslynAnalysisRunner static constructor.
RoslynAnalysisRunner will not be running.
RoslynAnalysisRunner has terminated.
Mono: successfully reloaded assembly
- Completed reload, in  0.859 seconds
Platform modules already initialized, skipping
Refreshing native plugins compatible for Editor in 0.39 ms, found 1 plugins.
Preloading 0 native plugins for Editor in 0.00 ms.
Unloading 1784 Unused Serialized files (Serialized files now loaded: 0)
System memory in use before: 87.1 MB.
System memory in use after: 87.1 MB.

Unloading 12 unused Assets to reduce memory usage. Loaded Objects now: 2247.
Total: 2.374400 ms (FindLiveObjects: 0.313900 ms CreateObjectMapping: 0.063200 ms MarkObjects: 1.879700 ms  DeleteObjects: 0.116300 ms)

========================================================================
Received Prepare
Registering precompiled user dll's ...
Registered in 0.001179 seconds.
Begin MonoManager ReloadAssembly
Native extension for WindowsStandalone target not found
Native extension for WebGL target not found
Refreshing native plugins compatible for Editor in 0.39 ms, found 1 plugins.
Preloading 0 native plugins for Editor in 0.00 ms.
Invoked RoslynAnalysisRunner static constructor.
RoslynAnalysisRunner will not be running.
RoslynAnalysisRunner has terminated.
Mono: successfully reloaded assembly
- Completed reload, in  0.851 seconds
Platform modules already initialized, skipping
Refreshing native plugins compatible for Editor in 0.38 ms, found 1 plugins.
Preloading 0 native plugins for Editor in 0.00 ms.
Unloading 1784 Unused Serialized files (Serialized files now loaded: 0)
System memory in use before: 87.2 MB.
System memory in use after: 87.2 MB.

Unloading 12 unused Assets to reduce memory usage. Loaded Objects now: 2250.
Total: 2.107900 ms (FindLiveObjects: 0.215500 ms CreateObjectMapping: 0.043800 ms MarkObjects: 1.734100 ms  DeleteObjects: 0.113500 ms)

========================================================================
Received Prepare
Registering precompiled user dll's ...
Registered in 0.001125 seconds.
Begin MonoManager ReloadAssembly
Native extension for WindowsStandalone target not found
Native extension for WebGL target not found
Refreshing native plugins compatible for Editor in 0.39 ms, found 1 plugins.
Preloading 0 native plugins for Editor in 0.00 ms.
Invoked RoslynAnalysisRunner static constructor.
RoslynAnalysisRunner will not be running.
RoslynAnalysisRunner has terminated.
Mono: successfully reloaded assembly
- Completed reload, in  0.844 seconds
Platform modules already initialized, skipping
Refreshing native plugins compatible for Editor in 0.37 ms, found 1 plugins.
Preloading 0 native plugins for Editor in 0.00 ms.
Unloading 1784 Unused Serialized files (Serialized files now loaded: 0)
System memory in use before: 87.3 MB.
System memory in use after: 87.3 MB.

Unloading 12 unused Assets to reduce memory usage. Loaded Objects now: 2253.
Total: 2.049400 ms (FindLiveObjects: 0.207300 ms CreateObjectMapping: 0.043800 ms MarkObjects: 1.694000 ms  DeleteObjects: 0.102900 ms)

========================================================================
Received Prepare
Registering precompiled user dll's ...
Registered in 0.001554 seconds.
Begin MonoManager ReloadAssembly
Native extension for WindowsStandalone target not found
Native extension for WebGL target not found
Refreshing native plugins compatible for Editor in 0.38 ms, found 1 plugins.
Preloading 0 native plugins for Editor in 0.00 ms.
Invoked RoslynAnalysisRunner static constructor.
RoslynAnalysisRunner will not be running.
RoslynAnalysisRunner has terminated.
Mono: successfully reloaded assembly
- Completed reload, in  0.854 seconds
Platform modules already initialized, skipping
Refreshing native plugins compatible for Editor in 0.38 ms, found 1 plugins.
Preloading 0 native plugins for Editor in 0.00 ms.
Unloading 1784 Unused Serialized files (Serialized files now loaded: 0)
System memory in use before: 87.4 MB.
System memory in use after: 87.4 MB.

Unloading 12 unused Assets to reduce memory usage. Loaded Objects now: 2256.
Total: 2.012500 ms (FindLiveObjects: 0.194100 ms CreateObjectMapping: 0.043600 ms MarkObjects: 1.668300 ms  DeleteObjects: 0.105500 ms)

========================================================================
Received Prepare
Registering precompiled user dll's ...
Registered in 0.001126 seconds.
Begin MonoManager ReloadAssembly
Native extension for WindowsStandalone target not found
Native extension for WebGL target not found
Refreshing native plugins compatible for Editor in 0.37 ms, found 1 plugins.
Preloading 0 native plugins for Editor in 0.00 ms.
Invoked RoslynAnalysisRunner static constructor.
RoslynAnalysisRunner will not be running.
RoslynAnalysisRunner has terminated.
Mono: successfully reloaded assembly
- Completed reload, in  0.879 seconds
Platform modules already initialized, skipping
Refreshing native plugins compatible for Editor in 0.37 ms, found 1 plugins.
Preloading 0 native plugins for Editor in 0.00 ms.
Unloading 1784 Unused Serialized files (Serialized files now loaded: 0)
System memory in use before: 87.5 MB.
System memory in use after: 87.5 MB.

Unloading 12 unused Assets to reduce memory usage. Loaded Objects now: 2259.
Total: 2.098400 ms (FindLiveObjects: 0.202000 ms CreateObjectMapping: 0.043800 ms MarkObjects: 1.742600 ms  DeleteObjects: 0.109100 ms)

========================================================================
Received Prepare
Registering precompiled user dll's ...
Registered in 0.001246 seconds.
Begin MonoManager ReloadAssembly
Native extension for WindowsStandalone target not found
Native extension for WebGL target not found
Refreshing native plugins compatible for Editor in 0.42 ms, found 1 plugins.
Preloading 0 native plugins for Editor in 0.00 ms.
Invoked RoslynAnalysisRunner static constructor.
RoslynAnalysisRunner will not be running.
RoslynAnalysisRunner has terminated.
Mono: successfully reloaded assembly
- Completed reload, in  0.922 seconds
Platform modules already initialized, skipping
Refreshing native plugins compatible for Editor in 0.39 ms, found 1 plugins.
Preloading 0 native plugins for Editor in 0.00 ms.
Unloading 1784 Unused Serialized files (Serialized files now loaded: 0)
System memory in use before: 87.6 MB.
System memory in use after: 87.6 MB.

Unloading 12 unused Assets to reduce memory usage. Loaded Objects now: 2262.
Total: 2.156600 ms (FindLiveObjects: 0.212400 ms CreateObjectMapping: 0.042700 ms MarkObjects: 1.772000 ms  DeleteObjects: 0.128600 ms)

========================================================================
Received Prepare
Registering precompiled user dll's ...
Registered in 0.001125 seconds.
Begin MonoManager ReloadAssembly
Native extension for WindowsStandalone target not found
Native extension for WebGL target not found
Refreshing native plugins compatible for Editor in 1.62 ms, found 1 plugins.
Preloading 0 native plugins for Editor in 0.00 ms.
Invoked RoslynAnalysisRunner static constructor.
RoslynAnalysisRunner will not be running.
RoslynAnalysisRunner has terminated.
Mono: successfully reloaded assembly
- Completed reload, in  0.910 seconds
Platform modules already initialized, skipping
Refreshing native plugins compatible for Editor in 0.37 ms, found 1 plugins.
Preloading 0 native plugins for Editor in 0.00 ms.
Unloading 1784 Unused Serialized files (Serialized files now loaded: 0)
System memory in use before: 87.7 MB.
System memory in use after: 87.7 MB.

Unloading 12 unused Assets to reduce memory usage. Loaded Objects now: 2265.
Total: 2.026400 ms (FindLiveObjects: 0.200200 ms CreateObjectMapping: 0.043800 ms MarkObjects: 1.675700 ms  DeleteObjects: 0.105400 ms)

========================================================================
Received Prepare
Registering precompiled user dll's ...
Registered in 0.001582 seconds.
Begin MonoManager ReloadAssembly
Native extension for WindowsStandalone target not found
Native extension for WebGL target not found
Refreshing native plugins compatible for Editor in 0.61 ms, found 1 plugins.
Preloading 0 native plugins for Editor in 0.00 ms.
Invoked RoslynAnalysisRunner static constructor.
RoslynAnalysisRunner will not be running.
RoslynAnalysisRunner has terminated.
Mono: successfully reloaded assembly
- Completed reload, in  1.017 seconds
Platform modules already initialized, skipping
Refreshing native plugins compatible for Editor in 0.47 ms, found 1 plugins.
Preloading 0 native plugins for Editor in 0.00 ms.
Unloading 1784 Unused Serialized files (Serialized files now loaded: 0)
System memory in use before: 87.8 MB.
System memory in use after: 87.8 MB.

Unloading 12 unused Assets to reduce memory usage. Loaded Objects now: 2268.
Total: 3.040700 ms (FindLiveObjects: 0.329200 ms CreateObjectMapping: 0.076700 ms MarkObjects: 2.460100 ms  DeleteObjects: 0.173000 ms)

========================================================================
Received Prepare
Registering precompiled user dll's ...
Registered in 0.001438 seconds.
Begin MonoManager ReloadAssembly
Native extension for WindowsStandalone target not found
Native extension for WebGL target not found
Refreshing native plugins compatible for Editor in 0.38 ms, found 1 plugins.
Preloading 0 native plugins for Editor in 0.00 ms.
Invoked RoslynAnalysisRunner static constructor.
RoslynAnalysisRunner will not be running.
RoslynAnalysisRunner has terminated.
Mono: successfully reloaded assembly
- Completed reload, in  1.005 seconds
Platform modules already initialized, skipping
Refreshing native plugins compatible for Editor in 0.57 ms, found 1 plugins.
Preloading 0 native plugins for Editor in 0.00 ms.
Unloading 1784 Unused Serialized files (Serialized files now loaded: 0)
System memory in use before: 87.9 MB.
System memory in use after: 87.9 MB.

Unloading 12 unused Assets to reduce memory usage. Loaded Objects now: 2271.
Total: 3.314200 ms (FindLiveObjects: 0.317900 ms CreateObjectMapping: 0.051800 ms MarkObjects: 2.803900 ms  DeleteObjects: 0.139500 ms)

========================================================================
Received Prepare
Registering precompiled user dll's ...
Registered in 0.001457 seconds.
Begin MonoManager ReloadAssembly
Native extension for WindowsStandalone target not found
Native extension for WebGL target not found
Refreshing native plugins compatible for Editor in 0.45 ms, found 1 plugins.
Preloading 0 native plugins for Editor in 0.00 ms.
Invoked RoslynAnalysisRunner static constructor.
RoslynAnalysisRunner will not be running.
RoslynAnalysisRunner has terminated.
Mono: successfully reloaded assembly
- Completed reload, in  0.923 seconds
Platform modules already initialized, skipping
Refreshing native plugins compatible for Editor in 0.47 ms, found 1 plugins.
Preloading 0 native plugins for Editor in 0.00 ms.
Unloading 1784 Unused Serialized files (Serialized files now loaded: 0)
System memory in use before: 88.0 MB.
System memory in use after: 88.0 MB.

Unloading 12 unused Assets to reduce memory usage. Loaded Objects now: 2274.
Total: 2.342100 ms (FindLiveObjects: 0.252800 ms CreateObjectMapping: 0.044500 ms MarkObjects: 1.920000 ms  DeleteObjects: 0.122600 ms)

========================================================================
Received Prepare
Registering precompiled user dll's ...
Registered in 0.001256 seconds.
Begin MonoManager ReloadAssembly
Native extension for WindowsStandalone target not found
Native extension for WebGL target not found
Refreshing native plugins compatible for Editor in 0.40 ms, found 1 plugins.
Preloading 0 native plugins for Editor in 0.00 ms.
Invoked RoslynAnalysisRunner static constructor.
RoslynAnalysisRunner will not be running.
RoslynAnalysisRunner has terminated.
Mono: successfully reloaded assembly
- Completed reload, in  0.908 seconds
Platform modules already initialized, skipping
Refreshing native plugins compatible for Editor in 0.38 ms, found 1 plugins.
Preloading 0 native plugins for Editor in 0.00 ms.
Unloading 1784 Unused Serialized files (Serialized files now loaded: 0)
System memory in use before: 88.1 MB.
System memory in use after: 88.1 MB.

Unloading 12 unused Assets to reduce memory usage. Loaded Objects now: 2277.
Total: 2.765600 ms (FindLiveObjects: 0.349700 ms CreateObjectMapping: 0.076400 ms MarkObjects: 2.184600 ms  DeleteObjects: 0.153000 ms)

========================================================================
Received Prepare
Registering precompiled user dll's ...
Registered in 0.001134 seconds.
Begin MonoManager ReloadAssembly
Native extension for WindowsStandalone target not found
Native extension for WebGL target not found
Refreshing native plugins compatible for Editor in 0.40 ms, found 1 plugins.
Preloading 0 native plugins for Editor in 0.00 ms.
Invoked RoslynAnalysisRunner static constructor.
RoslynAnalysisRunner will not be running.
RoslynAnalysisRunner has terminated.
Mono: successfully reloaded assembly
- Completed reload, in  0.925 seconds
Platform modules already initialized, skipping
Refreshing native plugins compatible for Editor in 0.37 ms, found 1 plugins.
Preloading 0 native plugins for Editor in 0.00 ms.
Unloading 1784 Unused Serialized files (Serialized files now loaded: 0)
System memory in use before: 88.2 MB.
System memory in use after: 88.2 MB.

Unloading 12 unused Assets to reduce memory usage. Loaded Objects now: 2280.
Total: 2.335800 ms (FindLiveObjects: 0.234900 ms CreateObjectMapping: 0.043400 ms MarkObjects: 1.922800 ms  DeleteObjects: 0.133600 ms)

========================================================================
Received Prepare
Registering precompiled user dll's ...
Registered in 0.001236 seconds.
Begin MonoManager ReloadAssembly
Native extension for WindowsStandalone target not found
Native extension for WebGL target not found
Refreshing native plugins compatible for Editor in 0.50 ms, found 1 plugins.
Preloading 0 native plugins for Editor in 0.00 ms.
Invoked RoslynAnalysisRunner static constructor.
RoslynAnalysisRunner will not be running.
RoslynAnalysisRunner has terminated.
Mono: successfully reloaded assembly
- Completed reload, in  0.911 seconds
Platform modules already initialized, skipping
Refreshing native plugins compatible for Editor in 0.66 ms, found 1 plugins.
Preloading 0 native plugins for Editor in 0.00 ms.
Unloading 1784 Unused Serialized files (Serialized files now loaded: 0)
System memory in use before: 88.3 MB.
System memory in use after: 88.3 MB.

Unloading 12 unused Assets to reduce memory usage. Loaded Objects now: 2283.
Total: 2.855300 ms (FindLiveObjects: 0.416400 ms CreateObjectMapping: 0.070700 ms MarkObjects: 2.221100 ms  DeleteObjects: 0.145700 ms)

========================================================================
Received Prepare
Registering precompiled user dll's ...
Registered in 0.002416 seconds.
Begin MonoManager ReloadAssembly
Native extension for WindowsStandalone target not found
Native extension for WebGL target not found
Refreshing native plugins compatible for Editor in 0.39 ms, found 1 plugins.
Preloading 0 native plugins for Editor in 0.00 ms.
Invoked RoslynAnalysisRunner static constructor.
RoslynAnalysisRunner will not be running.
RoslynAnalysisRunner has terminated.
Mono: successfully reloaded assembly
- Completed reload, in  1.040 seconds
Platform modules already initialized, skipping
Refreshing native plugins compatible for Editor in 0.47 ms, found 1 plugins.
Preloading 0 native plugins for Editor in 0.00 ms.
Unloading 1784 Unused Serialized files (Serialized files now loaded: 0)
System memory in use before: 88.4 MB.
System memory in use after: 88.4 MB.

Unloading 12 unused Assets to reduce memory usage. Loaded Objects now: 2286.
Total: 2.718400 ms (FindLiveObjects: 0.226500 ms CreateObjectMapping: 0.043600 ms MarkObjects: 2.317000 ms  DeleteObjects: 0.130100 ms)

========================================================================
Received Prepare
Registering precompiled user dll's ...
Registered in 0.001426 seconds.
Begin MonoManager ReloadAssembly
Native extension for WindowsStandalone target not found
Native extension for WebGL target not found
Refreshing native plugins compatible for Editor in 0.38 ms, found 1 plugins.
Preloading 0 native plugins for Editor in 0.00 ms.
Invoked RoslynAnalysisRunner static constructor.
RoslynAnalysisRunner will not be running.
RoslynAnalysisRunner has terminated.
Mono: successfully reloaded assembly
- Completed reload, in  0.905 seconds
Platform modules already initialized, skipping
Refreshing native plugins compatible for Editor in 0.55 ms, found 1 plugins.
Preloading 0 native plugins for Editor in 0.00 ms.
Unloading 1784 Unused Serialized files (Serialized files now loaded: 0)
System memory in use before: 88.5 MB.
System memory in use after: 88.5 MB.

Unloading 12 unused Assets to reduce memory usage. Loaded Objects now: 2289.
Total: 2.453600 ms (FindLiveObjects: 0.273000 ms CreateObjectMapping: 0.045800 ms MarkObjects: 1.973000 ms  DeleteObjects: 0.160200 ms)

========================================================================
Received Prepare
Registering precompiled user dll's ...
Registered in 0.001192 seconds.
Begin MonoManager ReloadAssembly
Native extension for WindowsStandalone target not found
Native extension for WebGL target not found
Refreshing native plugins compatible for Editor in 0.37 ms, found 1 plugins.
Preloading 0 native plugins for Editor in 0.00 ms.
Invoked RoslynAnalysisRunner static constructor.
RoslynAnalysisRunner will not be running.
RoslynAnalysisRunner has terminated.
Mono: successfully reloaded assembly
- Completed reload, in  0.939 seconds
Platform modules already initialized, skipping
Refreshing native plugins compatible for Editor in 0.49 ms, found 1 plugins.
Preloading 0 native plugins for Editor in 0.00 ms.
Unloading 1784 Unused Serialized files (Serialized files now loaded: 0)
System memory in use before: 88.6 MB.
System memory in use after: 88.6 MB.

Unloading 12 unused Assets to reduce memory usage. Loaded Objects now: 2292.
Total: 2.380200 ms (FindLiveObjects: 0.236500 ms CreateObjectMapping: 0.044900 ms MarkObjects: 1.969700 ms  DeleteObjects: 0.126000 ms)

========================================================================
Received Prepare
Registering precompiled user dll's ...
Registered in 0.001332 seconds.
Begin MonoManager ReloadAssembly
Native extension for WindowsStandalone target not found
Native extension for WebGL target not found
Refreshing native plugins compatible for Editor in 0.38 ms, found 1 plugins.
Preloading 0 native plugins for Editor in 0.00 ms.
Invoked RoslynAnalysisRunner static constructor.
RoslynAnalysisRunner will not be running.
RoslynAnalysisRunner has terminated.
Mono: successfully reloaded assembly
- Completed reload, in  0.919 seconds
Platform modules already initialized, skipping
Refreshing native plugins compatible for Editor in 0.43 ms, found 1 plugins.
Preloading 0 native plugins for Editor in 0.00 ms.
Unloading 1784 Unused Serialized files (Serialized files now loaded: 0)
System memory in use before: 88.7 MB.
System memory in use after: 88.7 MB.

Unloading 12 unused Assets to reduce memory usage. Loaded Objects now: 2295.
Total: 2.422900 ms (FindLiveObjects: 0.246700 ms CreateObjectMapping: 0.045500 ms MarkObjects: 1.984600 ms  DeleteObjects: 0.143700 ms)

========================================================================
Received Prepare
Registering precompiled user dll's ...
Registered in 0.001170 seconds.
Begin MonoManager ReloadAssembly
Native extension for WindowsStandalone target not found
Native extension for WebGL target not found
Refreshing native plugins compatible for Editor in 0.54 ms, found 1 plugins.
Preloading 0 native plugins for Editor in 0.00 ms.
Invoked RoslynAnalysisRunner static constructor.
RoslynAnalysisRunner will not be running.
RoslynAnalysisRunner has terminated.
Mono: successfully reloaded assembly
- Completed reload, in  0.947 seconds
Platform modules already initialized, skipping
Refreshing native plugins compatible for Editor in 0.43 ms, found 1 plugins.
Preloading 0 native plugins for Editor in 0.00 ms.
Unloading 1784 Unused Serialized files (Serialized files now loaded: 0)
System memory in use before: 88.8 MB.
System memory in use after: 88.8 MB.

Unloading 12 unused Assets to reduce memory usage. Loaded Objects now: 2298.
Total: 2.408900 ms (FindLiveObjects: 0.247400 ms CreateObjectMapping: 0.044700 ms MarkObjects: 1.996700 ms  DeleteObjects: 0.119100 ms)

========================================================================
Received Prepare
Registering precompiled user dll's ...
Registered in 0.001391 seconds.
Begin MonoManager ReloadAssembly
Native extension for WindowsStandalone target not found
Native extension for WebGL target not found
Refreshing native plugins compatible for Editor in 0.61 ms, found 1 plugins.
Preloading 0 native plugins for Editor in 0.00 ms.
Invoked RoslynAnalysisRunner static constructor.
RoslynAnalysisRunner will not be running.
RoslynAnalysisRunner has terminated.
Mono: successfully reloaded assembly
- Completed reload, in  1.039 seconds
Platform modules already initialized, skipping
Refreshing native plugins compatible for Editor in 0.39 ms, found 1 plugins.
Preloading 0 native plugins for Editor in 0.00 ms.
Unloading 1784 Unused Serialized files (Serialized files now loaded: 0)
System memory in use before: 88.9 MB.
System memory in use after: 88.9 MB.

Unloading 12 unused Assets to reduce memory usage. Loaded Objects now: 2301.
Total: 2.125000 ms (FindLiveObjects: 0.212500 ms CreateObjectMapping: 0.043100 ms MarkObjects: 1.743500 ms  DeleteObjects: 0.124900 ms)

========================================================================
Received Prepare
Registering precompiled user dll's ...
Registered in 0.001663 seconds.
Begin MonoManager ReloadAssembly
Native extension for WindowsStandalone target not found
Native extension for WebGL target not found
Refreshing native plugins compatible for Editor in 0.48 ms, found 1 plugins.
Preloading 0 native plugins for Editor in 0.00 ms.
Invoked RoslynAnalysisRunner static constructor.
RoslynAnalysisRunner will not be running.
RoslynAnalysisRunner has terminated.
Mono: successfully reloaded assembly
- Completed reload, in  0.941 seconds
Platform modules already initialized, skipping
Refreshing native plugins compatible for Editor in 0.43 ms, found 1 plugins.
Preloading 0 native plugins for Editor in 0.00 ms.
Unloading 1784 Unused Serialized files (Serialized files now loaded: 0)
System memory in use before: 88.9 MB.
System memory in use after: 88.9 MB.

Unloading 12 unused Assets to reduce memory usage. Loaded Objects now: 2304.
Total: 2.636400 ms (FindLiveObjects: 0.287000 ms CreateObjectMapping: 0.047400 ms MarkObjects: 2.166600 ms  DeleteObjects: 0.132900 ms)

========================================================================
Received Import Request.
  Time since last request: 2620.623574 seconds.
  path: Assets/Images/Component 5.png
  artifactKey: Guid(75ac9da2a3113f44db87fa076112d91a) Importer(815301076,1909f56bfc062723c751e8b465ee728b)
Start importing Assets/Images/Component 5.png using Guid(75ac9da2a3113f44db87fa076112d91a) Importer(815301076,1909f56bfc062723c751e8b465ee728b)  -> (artifact id: 'b36569d2f70bbbf2a3a796e091a03b31') in 0.080560 seconds
  Import took 0.136008 seconds .

========================================================================
Received Import Request.
  Time since last request: 3.858348 seconds.
  path: Assets/Images/notes.png
  artifactKey: Guid(75ac9da2a3113f44db87fa076112d91a) Importer(815301076,1909f56bfc062723c751e8b465ee728b)
Start importing Assets/Images/notes.png using Guid(75ac9da2a3113f44db87fa076112d91a) Importer(815301076,1909f56bfc062723c751e8b465ee728b)  -> (artifact id: '166085344e3dc690e82f2f04d8b76dc6') in 0.017066 seconds
  Import took 0.031503 seconds .

========================================================================
Received Import Request.
  Time since last request: 99.147448 seconds.
  path: Assets/Images/notes.png
  artifactKey: Guid(75ac9da2a3113f44db87fa076112d91a) Importer(815301076,1909f56bfc062723c751e8b465ee728b)
Start importing Assets/Images/notes.png using Guid(75ac9da2a3113f44db87fa076112d91a) Importer(815301076,1909f56bfc062723c751e8b465ee728b)  -> (artifact id: 'a723fcbca359cdc2bfaa8e8c789d30cc') in 0.009453 seconds
  Import took 0.013429 seconds .

========================================================================
Received Import Request.
  Time since last request: 0.000635 seconds.
  path: Assets/Images/notes.png
  artifactKey: Guid(75ac9da2a3113f44db87fa076112d91a) Importer(815301076,1909f56bfc062723c751e8b465ee728b)
Start importing Assets/Images/notes.png using Guid(75ac9da2a3113f44db87fa076112d91a) Importer(815301076,1909f56bfc062723c751e8b465ee728b)  -> (artifact id: 'a723fcbca359cdc2bfaa8e8c789d30cc') in 0.092214 seconds
  Import took 0.095558 seconds .

========================================================================
Received Import Request.
  Time since last request: 50.050513 seconds.
  path: Assets/Images/notes.png
  artifactKey: Guid(75ac9da2a3113f44db87fa076112d91a) Importer(815301076,1909f56bfc062723c751e8b465ee728b)
Start importing Assets/Images/notes.png using Guid(75ac9da2a3113f44db87fa076112d91a) Importer(815301076,1909f56bfc062723c751e8b465ee728b)  -> (artifact id: '5fde16e66e3e927b1843616a917fa2a8') in 0.018883 seconds
  Import took 0.036862 seconds .

========================================================================
Received Import Request.
  Time since last request: 11.782395 seconds.
  path: Assets/Images/notes.png
  artifactKey: Guid(75ac9da2a3113f44db87fa076112d91a) Importer(815301076,1909f56bfc062723c751e8b465ee728b)
Start importing Assets/Images/notes.png using Guid(75ac9da2a3113f44db87fa076112d91a) Importer(815301076,1909f56bfc062723c751e8b465ee728b)  -> (artifact id: 'bbc03e05538c836d845aa73cb14d4435') in 0.010942 seconds
  Import took 0.027297 seconds .

========================================================================
Received Import Request.
  Time since last request: 30.916829 seconds.
  path: Assets/Images/notes.png
  artifactKey: Guid(75ac9da2a3113f44db87fa076112d91a) Importer(815301076,1909f56bfc062723c751e8b465ee728b)
Start importing Assets/Images/notes.png using Guid(75ac9da2a3113f44db87fa076112d91a) Importer(815301076,1909f56bfc062723c751e8b465ee728b)  -> (artifact id: '27e62a7d25d6122945dfc7b7813be999') in 0.058572 seconds
  Import took 0.061710 seconds .

========================================================================
Received Prepare
Registering precompiled user dll's ...
Registered in 0.001203 seconds.
Begin MonoManager ReloadAssembly
Native extension for WindowsStandalone target not found
Native extension for WebGL target not found
Refreshing native plugins compatible for Editor in 0.46 ms, found 1 plugins.
Preloading 0 native plugins for Editor in 0.00 ms.
Invoked RoslynAnalysisRunner static constructor.
RoslynAnalysisRunner will not be running.
RoslynAnalysisRunner has terminated.
Mono: successfully reloaded assembly
- Completed reload, in  0.901 seconds
Platform modules already initialized, skipping
Refreshing native plugins compatible for Editor in 0.50 ms, found 1 plugins.
Preloading 0 native plugins for Editor in 0.00 ms.
Unloading 1784 Unused Serialized files (Serialized files now loaded: 0)
System memory in use before: 88.1 MB.
System memory in use after: 88.1 MB.

Unloading 12 unused Assets to reduce memory usage. Loaded Objects now: 2328.
Total: 2.192700 ms (FindLiveObjects: 0.202900 ms CreateObjectMapping: 0.046000 ms MarkObjects: 1.832900 ms  DeleteObjects: 0.109900 ms)

========================================================================
Received Import Request.
  Time since last request: 441.843633 seconds.
  path: Assets/Images/Group 20.png
  artifactKey: Guid(aaba72a9533548440917ef4c5980867d) Importer(815301076,1909f56bfc062723c751e8b465ee728b)
Start importing Assets/Images/Group 20.png using Guid(aaba72a9533548440917ef4c5980867d) Importer(815301076,1909f56bfc062723c751e8b465ee728b)  -> (artifact id: '3e1b6414d403ce1d9990889252185c20') in 0.061999 seconds
  Import took 0.083814 seconds .

========================================================================
Received Import Request.
  Time since last request: 0.000365 seconds.
  path: Assets/Images/Group 21.png
  artifactKey: Guid(d3e22e80782242149b8dd806d9a0ce4a) Importer(815301076,1909f56bfc062723c751e8b465ee728b)
Start importing Assets/Images/Group 21.png using Guid(d3e22e80782242149b8dd806d9a0ce4a) Importer(815301076,1909f56bfc062723c751e8b465ee728b)  -> (artifact id: '2377d9bc959e548dda2da6d1ac582158') in 0.016405 seconds
  Import took 0.045250 seconds .

========================================================================
Received Import Request.
  Time since last request: 0.000415 seconds.
  path: Assets/Images/Group 82.png
  artifactKey: Guid(38cad611f7cbf7c4280c815e6e893b2b) Importer(815301076,1909f56bfc062723c751e8b465ee728b)
Start importing Assets/Images/Group 82.png using Guid(38cad611f7cbf7c4280c815e6e893b2b) Importer(815301076,1909f56bfc062723c751e8b465ee728b)  -> (artifact id: '8b8359be19fb4cfad9b9cae5089f88df') in 0.016600 seconds
  Import took 0.019858 seconds .

========================================================================
Received Import Request.
  Time since last request: 0.000385 seconds.
  path: Assets/Images/Group 81.png
  artifactKey: Guid(7d3558db5842afa458c329d49a4005d9) Importer(815301076,1909f56bfc062723c751e8b465ee728b)
Start importing Assets/Images/Group 81.png using Guid(7d3558db5842afa458c329d49a4005d9) Importer(815301076,1909f56bfc062723c751e8b465ee728b)  -> (artifact id: 'b12dd2ac03653af442246a0cef71ff4e') in 0.015403 seconds
  Import took 0.018695 seconds .

========================================================================
Received Import Request.
  Time since last request: 0.000472 seconds.
  path: Assets/Images/Group 83.png
  artifactKey: Guid(f03ec47895cbc1848987ff376d67cf0e) Importer(815301076,1909f56bfc062723c751e8b465ee728b)
Start importing Assets/Images/Group 83.png using Guid(f03ec47895cbc1848987ff376d67cf0e) Importer(815301076,1909f56bfc062723c751e8b465ee728b)  -> (artifact id: '9f5ed9868b3750194592fe7840b9fa56') in 0.023742 seconds
  Import took 0.044409 seconds .

========================================================================
Received Import Request.
  Time since last request: 3.332393 seconds.
  path: Assets/Images/Choose
  artifactKey: Guid(c7ec62dc59c394c4ca8f14014a9043ed) Importer(815301076,1909f56bfc062723c751e8b465ee728b)
Start importing Assets/Images/Choose using Guid(c7ec62dc59c394c4ca8f14014a9043ed) Importer(815301076,1909f56bfc062723c751e8b465ee728b)  -> (artifact id: '7f11f03d01878aee0d063b5790c5e5e1') in 0.004726 seconds
  Import took 0.007903 seconds .

========================================================================
Received Import Request.
  Time since last request: 3.194642 seconds.
  path: Assets/Images/Main
  artifactKey: Guid(f13e9d7a2b7da7945951a2f98940db09) Importer(815301076,1909f56bfc062723c751e8b465ee728b)
Start importing Assets/Images/Main using Guid(f13e9d7a2b7da7945951a2f98940db09) Importer(815301076,1909f56bfc062723c751e8b465ee728b)  -> (artifact id: '74d8c87d62455b84fe10b6823cb431de') in 0.004862 seconds
  Import took 0.008054 seconds .

========================================================================
Received Import Request.
  Time since last request: 12.069662 seconds.
  path: Assets/Images/Game
  artifactKey: Guid(2fbd8976e15bfcd41a440df300883e26) Importer(815301076,1909f56bfc062723c751e8b465ee728b)
Start importing Assets/Images/Game using Guid(2fbd8976e15bfcd41a440df300883e26) Importer(815301076,1909f56bfc062723c751e8b465ee728b)  -> (artifact id: '93195a40b6d7c229037abb1f3eb9ca48') in 0.005291 seconds
  Import took 0.008385 seconds .

========================================================================
Received Prepare
Registering precompiled user dll's ...
Registered in 0.001914 seconds.
Begin MonoManager ReloadAssembly
Native extension for WindowsStandalone target not found
Native extension for WebGL target not found
Refreshing native plugins compatible for Editor in 0.56 ms, found 1 plugins.
Preloading 0 native plugins for Editor in 0.00 ms.
Invoked RoslynAnalysisRunner static constructor.
RoslynAnalysisRunner will not be running.
RoslynAnalysisRunner has terminated.
Mono: successfully reloaded assembly
- Completed reload, in  0.947 seconds
Platform modules already initialized, skipping
Refreshing native plugins compatible for Editor in 0.56 ms, found 1 plugins.
Preloading 0 native plugins for Editor in 0.00 ms.
Unloading 1784 Unused Serialized files (Serialized files now loaded: 0)
System memory in use before: 88.2 MB.
System memory in use after: 88.2 MB.

Unloading 12 unused Assets to reduce memory usage. Loaded Objects now: 2338.
Total: 2.917900 ms (FindLiveObjects: 0.380600 ms CreateObjectMapping: 0.053400 ms MarkObjects: 2.346200 ms  DeleteObjects: 0.133800 ms)

========================================================================
Received Prepare
Registering precompiled user dll's ...
Registered in 0.001232 seconds.
Begin MonoManager ReloadAssembly
Native extension for WindowsStandalone target not found
Native extension for WebGL target not found
Refreshing native plugins compatible for Editor in 0.45 ms, found 1 plugins.
Preloading 0 native plugins for Editor in 0.00 ms.
Invoked RoslynAnalysisRunner static constructor.
RoslynAnalysisRunner will not be running.
RoslynAnalysisRunner has terminated.
Mono: successfully reloaded assembly
- Completed reload, in  0.897 seconds
Platform modules already initialized, skipping
Refreshing native plugins compatible for Editor in 0.43 ms, found 1 plugins.
Preloading 0 native plugins for Editor in 0.00 ms.
Unloading 1784 Unused Serialized files (Serialized files now loaded: 0)
System memory in use before: 88.3 MB.
System memory in use after: 88.3 MB.

Unloading 12 unused Assets to reduce memory usage. Loaded Objects now: 2341.
Total: 2.311000 ms (FindLiveObjects: 0.235700 ms CreateObjectMapping: 0.045800 ms MarkObjects: 1.887900 ms  DeleteObjects: 0.139200 ms)

========================================================================
Received Import Request.
  Time since last request: 476.603860 seconds.
  path: Assets/Images/Developing
  artifactKey: Guid(32476dadadb7a8c40a164bb935e29874) Importer(815301076,1909f56bfc062723c751e8b465ee728b)
Start importing Assets/Images/Developing using Guid(32476dadadb7a8c40a164bb935e29874) Importer(815301076,1909f56bfc062723c751e8b465ee728b)  -> (artifact id: 'e01b6aba88d03201c8cab830d96ac805') in 0.008105 seconds
  Import took 0.085270 seconds .

========================================================================
Received Import Request.
  Time since last request: 8.455897 seconds.
  path: Assets/Images/Developing/Developing.png
  artifactKey: Guid(77aac42abe6b0eb4bbe4b0220fc4d92d) Importer(815301076,1909f56bfc062723c751e8b465ee728b)
Start importing Assets/Images/Developing/Developing.png using Guid(77aac42abe6b0eb4bbe4b0220fc4d92d) Importer(815301076,1909f56bfc062723c751e8b465ee728b)  -> (artifact id: '99551397d12e46817190bf1d5e4a43f0') in 0.056604 seconds
  Import took 0.073773 seconds .

========================================================================
Received Import Request.
  Time since last request: 4.121577 seconds.
  path: Assets/Images/Developing/Developing.png
  artifactKey: Guid(77aac42abe6b0eb4bbe4b0220fc4d92d) Importer(815301076,1909f56bfc062723c751e8b465ee728b)
Start importing Assets/Images/Developing/Developing.png using Guid(77aac42abe6b0eb4bbe4b0220fc4d92d) Importer(815301076,1909f56bfc062723c751e8b465ee728b)  -> (artifact id: '5f687edd6f47bd8e0a2f752cdd89db9d') in 0.016741 seconds
  Import took 0.020544 seconds .

========================================================================
Received Import Request.
  Time since last request: 5.900611 seconds.
  path: Assets/Images/Choose/Group 83.png
  artifactKey: Guid(f03ec47895cbc1848987ff376d67cf0e) Importer(815301076,1909f56bfc062723c751e8b465ee728b)
Start importing Assets/Images/Choose/Group 83.png using Guid(f03ec47895cbc1848987ff376d67cf0e) Importer(815301076,1909f56bfc062723c751e8b465ee728b)  -> (artifact id: '97901e082ee0e7c469ead6e01a8413d0') in 0.019620 seconds
  Import took 0.022787 seconds .

========================================================================
Received Import Request.
  Time since last request: 0.000363 seconds.
  path: Assets/Images/Choose/Group 21.png
  artifactKey: Guid(d3e22e80782242149b8dd806d9a0ce4a) Importer(815301076,1909f56bfc062723c751e8b465ee728b)
Start importing Assets/Images/Choose/Group 21.png using Guid(d3e22e80782242149b8dd806d9a0ce4a) Importer(815301076,1909f56bfc062723c751e8b465ee728b)  -> (artifact id: '9a304c5c98ffddffd4bde11681365446') in 0.012490 seconds
  Import took 0.015644 seconds .

========================================================================
Received Import Request.
  Time since last request: 0.000330 seconds.
  path: Assets/Images/Choose/Group 20.png
  artifactKey: Guid(aaba72a9533548440917ef4c5980867d) Importer(815301076,1909f56bfc062723c751e8b465ee728b)
Start importing Assets/Images/Choose/Group 20.png using Guid(aaba72a9533548440917ef4c5980867d) Importer(815301076,1909f56bfc062723c751e8b465ee728b)  -> (artifact id: '58cec7b3766c6b2a8a3739c72253a8d8') in 0.013389 seconds
  Import took 0.017084 seconds .

========================================================================
Received Import Request.
  Time since last request: 0.000334 seconds.
  path: Assets/Images/Choose/Group 82.png
  artifactKey: Guid(38cad611f7cbf7c4280c815e6e893b2b) Importer(815301076,1909f56bfc062723c751e8b465ee728b)
Start importing Assets/Images/Choose/Group 82.png using Guid(38cad611f7cbf7c4280c815e6e893b2b) Importer(815301076,1909f56bfc062723c751e8b465ee728b)  -> (artifact id: '0d17a41cdbb3b92bba8da39a4c2e1658') in 0.012717 seconds
  Import took 0.035341 seconds .

========================================================================
Received Import Request.
  Time since last request: 0.000305 seconds.
  path: Assets/Images/Choose/Group 81.png
  artifactKey: Guid(7d3558db5842afa458c329d49a4005d9) Importer(815301076,1909f56bfc062723c751e8b465ee728b)
Start importing Assets/Images/Choose/Group 81.png using Guid(7d3558db5842afa458c329d49a4005d9) Importer(815301076,1909f56bfc062723c751e8b465ee728b)  -> (artifact id: 'b0d7b787407e4a4f148dcb89c512353f') in 0.012982 seconds
  Import took 0.015800 seconds .

========================================================================
Received Import Request.
  Time since last request: 173.667604 seconds.
  path: Assets/Images/Developing/blur.png
  artifactKey: Guid(e960fd7d9b537b84a91fc0a83fe27aa7) Importer(815301076,1909f56bfc062723c751e8b465ee728b)
Start importing Assets/Images/Developing/blur.png using Guid(e960fd7d9b537b84a91fc0a83fe27aa7) Importer(815301076,1909f56bfc062723c751e8b465ee728b)  -> (artifact id: 'ec5c7b51f80b5115bee907afd8ca987c') in 0.017886 seconds
  Import took 0.021302 seconds .

========================================================================
Received Import Request.
  Time since last request: 45.654554 seconds.
  path: Assets/Images/Developing/blur.png
  artifactKey: Guid(e960fd7d9b537b84a91fc0a83fe27aa7) Importer(815301076,1909f56bfc062723c751e8b465ee728b)
Start importing Assets/Images/Developing/blur.png using Guid(e960fd7d9b537b84a91fc0a83fe27aa7) Importer(815301076,1909f56bfc062723c751e8b465ee728b)  -> (artifact id: '1810a99e20a19a3dce6d0709fc96d847') in 0.015236 seconds
  Import took 0.018413 seconds .

========================================================================
Received Import Request.
  Time since last request: 6.054894 seconds.
  path: Assets/Images/Developing/blur.png
  artifactKey: Guid(e960fd7d9b537b84a91fc0a83fe27aa7) Importer(815301076,1909f56bfc062723c751e8b465ee728b)
Start importing Assets/Images/Developing/blur.png using Guid(e960fd7d9b537b84a91fc0a83fe27aa7) Importer(815301076,1909f56bfc062723c751e8b465ee728b)  -> (artifact id: 'fb772e74bd6b1af83ab8383d45f86052') in 0.083062 seconds
  Import took 0.120539 seconds .

========================================================================
Received Import Request.
  Time since last request: 162.082098 seconds.
  path: Assets/Images/Developing/Group 22.png
  artifactKey: Guid(d01e781abd7fc2d4a97e9fd39b4996d0) Importer(815301076,1909f56bfc062723c751e8b465ee728b)
Start importing Assets/Images/Developing/Group 22.png using Guid(d01e781abd7fc2d4a97e9fd39b4996d0) Importer(815301076,1909f56bfc062723c751e8b465ee728b)  -> (artifact id: '9e5ca720a4a199fcb9e91d694c2d722b') in 0.016126 seconds
  Import took 0.019896 seconds .

========================================================================
Received Import Request.
  Time since last request: 0.000419 seconds.
  path: Assets/Images/Developing/Соберите сами свою игру!.png
  artifactKey: Guid(57a9808a9a059dd46aac8f5c40ef5a43) Importer(815301076,1909f56bfc062723c751e8b465ee728b)
Start importing Assets/Images/Developing/Соберите сами свою игру!.png using Guid(57a9808a9a059dd46aac8f5c40ef5a43) Importer(815301076,1909f56bfc062723c751e8b465ee728b)  -> (artifact id: '230fa80ebf396e79f98212931ef665e0') in 0.015553 seconds
  Import took 0.018810 seconds .

========================================================================
Received Import Request.
  Time since last request: 0.000439 seconds.
  path: Assets/Images/Developing/Group 23.png
  artifactKey: Guid(40ab16901dda8f54ea6b3f23be110e21) Importer(815301076,1909f56bfc062723c751e8b465ee728b)
Start importing Assets/Images/Developing/Group 23.png using Guid(40ab16901dda8f54ea6b3f23be110e21) Importer(815301076,1909f56bfc062723c751e8b465ee728b)  -> (artifact id: 'c8f0f2083eda0632396c59227dd03d64') in 0.021871 seconds
  Import took 0.024986 seconds .

========================================================================
Received Import Request.
  Time since last request: 0.000376 seconds.
  path: Assets/Images/Developing/Group 22.png
  artifactKey: Guid(d01e781abd7fc2d4a97e9fd39b4996d0) Importer(815301076,1909f56bfc062723c751e8b465ee728b)
Start importing Assets/Images/Developing/Group 22.png using Guid(d01e781abd7fc2d4a97e9fd39b4996d0) Importer(815301076,1909f56bfc062723c751e8b465ee728b)  -> (artifact id: '9e5ca720a4a199fcb9e91d694c2d722b') in 0.011660 seconds
  Import took 0.015174 seconds .

========================================================================
Received Import Request.
  Time since last request: 0.000413 seconds.
  path: Assets/Images/Developing/Group 23.png
  artifactKey: Guid(40ab16901dda8f54ea6b3f23be110e21) Importer(815301076,1909f56bfc062723c751e8b465ee728b)
Start importing Assets/Images/Developing/Group 23.png using Guid(40ab16901dda8f54ea6b3f23be110e21) Importer(815301076,1909f56bfc062723c751e8b465ee728b)  -> (artifact id: 'c8f0f2083eda0632396c59227dd03d64') in 0.014312 seconds
  Import took 0.017805 seconds .

========================================================================
Received Import Request.
  Time since last request: 4.237506 seconds.
  path: Assets/Images/Developing/Group 22.png
  artifactKey: Guid(d01e781abd7fc2d4a97e9fd39b4996d0) Importer(815301076,1909f56bfc062723c751e8b465ee728b)
Start importing Assets/Images/Developing/Group 22.png using Guid(d01e781abd7fc2d4a97e9fd39b4996d0) Importer(815301076,1909f56bfc062723c751e8b465ee728b)  -> (artifact id: 'd6d629529bfdb3178ff4b07365882da0') in 0.013901 seconds
  Import took 0.029605 seconds .

========================================================================
Received Import Request.
  Time since last request: 0.000388 seconds.
  path: Assets/Images/Developing/Соберите сами свою игру!.png
  artifactKey: Guid(57a9808a9a059dd46aac8f5c40ef5a43) Importer(815301076,1909f56bfc062723c751e8b465ee728b)
Start importing Assets/Images/Developing/Соберите сами свою игру!.png using Guid(57a9808a9a059dd46aac8f5c40ef5a43) Importer(815301076,1909f56bfc062723c751e8b465ee728b)  -> (artifact id: '2f647220b062b26774d26eb4559af940') in 0.012449 seconds
  Import took 0.027874 seconds .

========================================================================
Received Import Request.
  Time since last request: 0.000412 seconds.
  path: Assets/Images/Developing/Group 23.png
  artifactKey: Guid(40ab16901dda8f54ea6b3f23be110e21) Importer(815301076,1909f56bfc062723c751e8b465ee728b)
Start importing Assets/Images/Developing/Group 23.png using Guid(40ab16901dda8f54ea6b3f23be110e21) Importer(815301076,1909f56bfc062723c751e8b465ee728b)  -> (artifact id: '54939041c2c45da9c86287398658c2b6') in 0.016649 seconds
  Import took 0.034494 seconds .

========================================================================
Received Import Request.
  Time since last request: 207.305649 seconds.
  path: Assets/Images/Developing/blur 1.png
  artifactKey: Guid(c073509bd62927c4cae5bc9d15d55c96) Importer(815301076,1909f56bfc062723c751e8b465ee728b)
Start importing Assets/Images/Developing/blur 1.png using Guid(c073509bd62927c4cae5bc9d15d55c96) Importer(815301076,1909f56bfc062723c751e8b465ee728b)  -> (artifact id: 'fed47df78a8d09b509767f555f3df592') in 0.031901 seconds
  Import took 0.036839 seconds .

========================================================================
Received Import Request.
  Time since last request: 0.003341 seconds.
  path: Assets/Images/Developing/blur 1.png
  artifactKey: Guid(c073509bd62927c4cae5bc9d15d55c96) Importer(815301076,1909f56bfc062723c751e8b465ee728b)
Start importing Assets/Images/Developing/blur 1.png using Guid(c073509bd62927c4cae5bc9d15d55c96) Importer(815301076,1909f56bfc062723c751e8b465ee728b)  -> (artifact id: 'fed47df78a8d09b509767f555f3df592') in 0.019649 seconds
  Import took 0.023091 seconds .

========================================================================
Received Import Request.
  Time since last request: 4.559354 seconds.
  path: Assets/Images/Developing/blur.png
  artifactKey: Guid(c073509bd62927c4cae5bc9d15d55c96) Importer(815301076,1909f56bfc062723c751e8b465ee728b)
Start importing Assets/Images/Developing/blur.png using Guid(c073509bd62927c4cae5bc9d15d55c96) Importer(815301076,1909f56bfc062723c751e8b465ee728b)  -> (artifact id: '44cb935bdaeba12da72671a3f5613766') in 0.015866 seconds
  Import took 0.040347 seconds .

========================================================================
Received Prepare
Registering precompiled user dll's ...
Registered in 0.001233 seconds.
Begin MonoManager ReloadAssembly
Native extension for WindowsStandalone target not found
Native extension for WebGL target not found
Refreshing native plugins compatible for Editor in 0.38 ms, found 1 plugins.
Preloading 0 native plugins for Editor in 0.00 ms.
Invoked RoslynAnalysisRunner static constructor.
RoslynAnalysisRunner will not be running.
RoslynAnalysisRunner has terminated.
Mono: successfully reloaded assembly
- Completed reload, in  0.888 seconds
Platform modules already initialized, skipping
Refreshing native plugins compatible for Editor in 0.42 ms, found 1 plugins.
Preloading 0 native plugins for Editor in 0.00 ms.
Unloading 1784 Unused Serialized files (Serialized files now loaded: 0)
System memory in use before: 88.4 MB.
System memory in use after: 88.4 MB.

Unloading 12 unused Assets to reduce memory usage. Loaded Objects now: 2355.
Total: 2.253400 ms (FindLiveObjects: 0.229800 ms CreateObjectMapping: 0.044400 ms MarkObjects: 1.836200 ms  DeleteObjects: 0.141800 ms)

========================================================================
Received Import Request.
  Time since last request: 254.943896 seconds.
  path: Assets/Images/Choose/Back.png
  artifactKey: Guid(e95b02b0b7e07a34796e3efc6f73b982) Importer(815301076,1909f56bfc062723c751e8b465ee728b)
Start importing Assets/Images/Choose/Back.png using Guid(e95b02b0b7e07a34796e3efc6f73b982) Importer(815301076,1909f56bfc062723c751e8b465ee728b)  -> (artifact id: '735642d73d3d2cefe06a4718b9350444') in 0.058084 seconds
  Import took 0.124149 seconds .

========================================================================
Received Import Request.
  Time since last request: 13.039772 seconds.
  path: Assets/Images/Choose/Back.png
  artifactKey: Guid(e95b02b0b7e07a34796e3efc6f73b982) Importer(815301076,1909f56bfc062723c751e8b465ee728b)
Start importing Assets/Images/Choose/Back.png using Guid(e95b02b0b7e07a34796e3efc6f73b982) Importer(815301076,1909f56bfc062723c751e8b465ee728b)  -> (artifact id: '4fd40ca06e29de22dcca60e1c75c6dd6') in 0.017400 seconds
  Import took 0.033624 seconds .

========================================================================
Received Prepare
Registering precompiled user dll's ...
Registered in 0.001174 seconds.
Begin MonoManager ReloadAssembly
Native extension for WindowsStandalone target not found
Native extension for WebGL target not found
Refreshing native plugins compatible for Editor in 0.42 ms, found 1 plugins.
Preloading 0 native plugins for Editor in 0.00 ms.
Invoked RoslynAnalysisRunner static constructor.
RoslynAnalysisRunner will not be running.
RoslynAnalysisRunner has terminated.
Mono: successfully reloaded assembly
- Completed reload, in  0.860 seconds
Platform modules already initialized, skipping
Refreshing native plugins compatible for Editor in 0.40 ms, found 1 plugins.
Preloading 0 native plugins for Editor in 0.00 ms.
Unloading 1784 Unused Serialized files (Serialized files now loaded: 0)
System memory in use before: 88.5 MB.
System memory in use after: 88.5 MB.

Unloading 12 unused Assets to reduce memory usage. Loaded Objects now: 2361.
Total: 2.539600 ms (FindLiveObjects: 0.293800 ms CreateObjectMapping: 0.049300 ms MarkObjects: 2.066800 ms  DeleteObjects: 0.127800 ms)

========================================================================
Received Import Request.
  Time since last request: 379.652377 seconds.
  path: Assets/Images/Choose/Group 23.png
  artifactKey: Guid(527d69ad0e7f2004b9f0c45fa5093cba) Importer(815301076,1909f56bfc062723c751e8b465ee728b)
Start importing Assets/Images/Choose/Group 23.png using Guid(527d69ad0e7f2004b9f0c45fa5093cba) Importer(815301076,1909f56bfc062723c751e8b465ee728b)  -> (artifact id: '767c1fa3fe77b3ca978447908a701ff7') in 0.056722 seconds
  Import took 0.060394 seconds .

========================================================================
Received Import Request.
  Time since last request: 0.000383 seconds.
  path: Assets/Images/Choose/Group 24.png
  artifactKey: Guid(04fb6b39277605b44addb13506396d24) Importer(815301076,1909f56bfc062723c751e8b465ee728b)
Start importing Assets/Images/Choose/Group 24.png using Guid(04fb6b39277605b44addb13506396d24) Importer(815301076,1909f56bfc062723c751e8b465ee728b)  -> (artifact id: '5ec2412937a5a7b875099ed56427719a') in 0.014200 seconds
  Import took 0.017569 seconds .

========================================================================
Received Prepare
Registering precompiled user dll's ...
Registered in 0.001154 seconds.
Begin MonoManager ReloadAssembly
Native extension for WindowsStandalone target not found
Native extension for WebGL target not found
Refreshing native plugins compatible for Editor in 0.40 ms, found 1 plugins.
Preloading 0 native plugins for Editor in 0.00 ms.
Invoked RoslynAnalysisRunner static constructor.
RoslynAnalysisRunner will not be running.
RoslynAnalysisRunner has terminated.
Mono: successfully reloaded assembly
- Completed reload, in  0.866 seconds
Platform modules already initialized, skipping
Refreshing native plugins compatible for Editor in 0.37 ms, found 1 plugins.
Preloading 0 native plugins for Editor in 0.00 ms.
Unloading 1785 Unused Serialized files (Serialized files now loaded: 0)
System memory in use before: 88.6 MB.
System memory in use after: 88.6 MB.

Unloading 12 unused Assets to reduce memory usage. Loaded Objects now: 2368.
Total: 2.155100 ms (FindLiveObjects: 0.197600 ms CreateObjectMapping: 0.044100 ms MarkObjects: 1.799700 ms  DeleteObjects: 0.112600 ms)

========================================================================
Received Prepare
Registering precompiled user dll's ...
Registered in 0.001689 seconds.
Begin MonoManager ReloadAssembly
Native extension for WindowsStandalone target not found
Native extension for WebGL target not found
Refreshing native plugins compatible for Editor in 0.38 ms, found 1 plugins.
Preloading 0 native plugins for Editor in 0.00 ms.
Invoked RoslynAnalysisRunner static constructor.
RoslynAnalysisRunner will not be running.
RoslynAnalysisRunner has terminated.
Mono: successfully reloaded assembly
- Completed reload, in  0.858 seconds
Platform modules already initialized, skipping
Refreshing native plugins compatible for Editor in 0.37 ms, found 1 plugins.
Preloading 0 native plugins for Editor in 0.00 ms.
Unloading 1785 Unused Serialized files (Serialized files now loaded: 0)
System memory in use before: 88.7 MB.
System memory in use after: 88.7 MB.

Unloading 12 unused Assets to reduce memory usage. Loaded Objects now: 2371.
Total: 2.327800 ms (FindLiveObjects: 0.237500 ms CreateObjectMapping: 0.046800 ms MarkObjects: 1.929400 ms  DeleteObjects: 0.112400 ms)

========================================================================
Received Prepare
Registering precompiled user dll's ...
Registered in 0.001086 seconds.
Begin MonoManager ReloadAssembly
Native extension for WindowsStandalone target not found
Native extension for WebGL target not found
Refreshing native plugins compatible for Editor in 0.38 ms, found 1 plugins.
Preloading 0 native plugins for Editor in 0.00 ms.
Invoked RoslynAnalysisRunner static constructor.
RoslynAnalysisRunner will not be running.
RoslynAnalysisRunner has terminated.
Mono: successfully reloaded assembly
- Completed reload, in  0.878 seconds
Platform modules already initialized, skipping
Refreshing native plugins compatible for Editor in 0.38 ms, found 1 plugins.
Preloading 0 native plugins for Editor in 0.00 ms.
Unloading 1785 Unused Serialized files (Serialized files now loaded: 0)
System memory in use before: 88.8 MB.
System memory in use after: 88.8 MB.

Unloading 12 unused Assets to reduce memory usage. Loaded Objects now: 2374.
Total: 2.252600 ms (FindLiveObjects: 0.227600 ms CreateObjectMapping: 0.044900 ms MarkObjects: 1.855400 ms  DeleteObjects: 0.123400 ms)

========================================================================
Received Prepare
Registering precompiled user dll's ...
Registered in 0.001162 seconds.
Begin MonoManager ReloadAssembly
Native extension for WindowsStandalone target not found
Native extension for WebGL target not found
Refreshing native plugins compatible for Editor in 0.40 ms, found 1 plugins.
Preloading 0 native plugins for Editor in 0.00 ms.
Invoked RoslynAnalysisRunner static constructor.
RoslynAnalysisRunner will not be running.
RoslynAnalysisRunner has terminated.
Mono: successfully reloaded assembly
- Completed reload, in  0.956 seconds
Platform modules already initialized, skipping
Refreshing native plugins compatible for Editor in 0.37 ms, found 1 plugins.
Preloading 0 native plugins for Editor in 0.00 ms.
Unloading 1785 Unused Serialized files (Serialized files now loaded: 0)
System memory in use before: 88.9 MB.
System memory in use after: 88.9 MB.

Unloading 12 unused Assets to reduce memory usage. Loaded Objects now: 2377.
Total: 2.109300 ms (FindLiveObjects: 0.215400 ms CreateObjectMapping: 0.045400 ms MarkObjects: 1.737300 ms  DeleteObjects: 0.110300 ms)

========================================================================
Received Prepare
Registering precompiled user dll's ...
Registered in 0.001195 seconds.
Begin MonoManager ReloadAssembly
Native extension for WindowsStandalone target not found
Native extension for WebGL target not found
Refreshing native plugins compatible for Editor in 0.39 ms, found 1 plugins.
Preloading 0 native plugins for Editor in 0.00 ms.
Invoked RoslynAnalysisRunner static constructor.
RoslynAnalysisRunner will not be running.
RoslynAnalysisRunner has terminated.
Mono: successfully reloaded assembly
- Completed reload, in  0.944 seconds
Platform modules already initialized, skipping
Refreshing native plugins compatible for Editor in 0.37 ms, found 1 plugins.
Preloading 0 native plugins for Editor in 0.00 ms.
Unloading 1785 Unused Serialized files (Serialized files now loaded: 0)
System memory in use before: 89.0 MB.
System memory in use after: 89.0 MB.

Unloading 12 unused Assets to reduce memory usage. Loaded Objects now: 2380.
Total: 2.421400 ms (FindLiveObjects: 0.275300 ms CreateObjectMapping: 0.045200 ms MarkObjects: 1.984600 ms  DeleteObjects: 0.115400 ms)

========================================================================
Received Prepare
Registering precompiled user dll's ...
Registered in 0.001162 seconds.
Begin MonoManager ReloadAssembly
Native extension for WindowsStandalone target not found
Native extension for WebGL target not found
Refreshing native plugins compatible for Editor in 0.38 ms, found 1 plugins.
Preloading 0 native plugins for Editor in 0.00 ms.
Invoked RoslynAnalysisRunner static constructor.
RoslynAnalysisRunner will not be running.
RoslynAnalysisRunner has terminated.
Mono: successfully reloaded assembly
- Completed reload, in  0.848 seconds
Platform modules already initialized, skipping
Refreshing native plugins compatible for Editor in 0.38 ms, found 1 plugins.
Preloading 0 native plugins for Editor in 0.00 ms.
Unloading 1785 Unused Serialized files (Serialized files now loaded: 0)
System memory in use before: 89.1 MB.
System memory in use after: 89.1 MB.

Unloading 12 unused Assets to reduce memory usage. Loaded Objects now: 2383.
Total: 2.299000 ms (FindLiveObjects: 0.304500 ms CreateObjectMapping: 0.057300 ms MarkObjects: 1.819400 ms  DeleteObjects: 0.116600 ms)

========================================================================
Received Prepare
Registering precompiled user dll's ...
Registered in 0.001153 seconds.
Begin MonoManager ReloadAssembly
Native extension for WindowsStandalone target not found
Native extension for WebGL target not found
Refreshing native plugins compatible for Editor in 0.39 ms, found 1 plugins.
Preloading 0 native plugins for Editor in 0.00 ms.
Invoked RoslynAnalysisRunner static constructor.
RoslynAnalysisRunner will not be running.
RoslynAnalysisRunner has terminated.
Mono: successfully reloaded assembly
- Completed reload, in  0.854 seconds
Platform modules already initialized, skipping
Refreshing native plugins compatible for Editor in 0.38 ms, found 1 plugins.
Preloading 0 native plugins for Editor in 0.00 ms.
Unloading 1785 Unused Serialized files (Serialized files now loaded: 0)
System memory in use before: 89.1 MB.
System memory in use after: 89.1 MB.

Unloading 12 unused Assets to reduce memory usage. Loaded Objects now: 2386.
Total: 2.162400 ms (FindLiveObjects: 0.217100 ms CreateObjectMapping: 0.044800 ms MarkObjects: 1.787100 ms  DeleteObjects: 0.112400 ms)

========================================================================
Received Prepare
Registering precompiled user dll's ...
Registered in 0.001167 seconds.
Begin MonoManager ReloadAssembly
Native extension for WindowsStandalone target not found
Native extension for WebGL target not found
Refreshing native plugins compatible for Editor in 0.42 ms, found 1 plugins.
Preloading 0 native plugins for Editor in 0.00 ms.
Invoked RoslynAnalysisRunner static constructor.
RoslynAnalysisRunner will not be running.
RoslynAnalysisRunner has terminated.
Mono: successfully reloaded assembly
- Completed reload, in  0.848 seconds
Platform modules already initialized, skipping
Refreshing native plugins compatible for Editor in 0.39 ms, found 1 plugins.
Preloading 0 native plugins for Editor in 0.00 ms.
Unloading 1785 Unused Serialized files (Serialized files now loaded: 0)
System memory in use before: 88.3 MB.
System memory in use after: 88.3 MB.

Unloading 12 unused Assets to reduce memory usage. Loaded Objects now: 2389.
Total: 2.499900 ms (FindLiveObjects: 0.266900 ms CreateObjectMapping: 0.047300 ms MarkObjects: 2.057900 ms  DeleteObjects: 0.126300 ms)

========================================================================
Received Prepare
Registering precompiled user dll's ...
Registered in 0.001150 seconds.
Begin MonoManager ReloadAssembly
Native extension for WindowsStandalone target not found
Native extension for WebGL target not found
Refreshing native plugins compatible for Editor in 0.37 ms, found 1 plugins.
Preloading 0 native plugins for Editor in 0.00 ms.
Invoked RoslynAnalysisRunner static constructor.
RoslynAnalysisRunner will not be running.
RoslynAnalysisRunner has terminated.
Mono: successfully reloaded assembly
- Completed reload, in  0.848 seconds
Platform modules already initialized, skipping
Refreshing native plugins compatible for Editor in 0.38 ms, found 1 plugins.
Preloading 0 native plugins for Editor in 0.00 ms.
Unloading 1785 Unused Serialized files (Serialized files now loaded: 0)
System memory in use before: 88.4 MB.
System memory in use after: 88.4 MB.

Unloading 12 unused Assets to reduce memory usage. Loaded Objects now: 2392.
Total: 2.168200 ms (FindLiveObjects: 0.230100 ms CreateObjectMapping: 0.046600 ms MarkObjects: 1.779000 ms  DeleteObjects: 0.111200 ms)

========================================================================
Received Prepare
Registering precompiled user dll's ...
Registered in 0.001161 seconds.
Begin MonoManager ReloadAssembly
Native extension for WindowsStandalone target not found
Native extension for WebGL target not found
Refreshing native plugins compatible for Editor in 0.38 ms, found 1 plugins.
Preloading 0 native plugins for Editor in 0.00 ms.
Invoked RoslynAnalysisRunner static constructor.
RoslynAnalysisRunner will not be running.
RoslynAnalysisRunner has terminated.
Mono: successfully reloaded assembly
- Completed reload, in  0.849 seconds
Platform modules already initialized, skipping
Refreshing native plugins compatible for Editor in 0.37 ms, found 1 plugins.
Preloading 0 native plugins for Editor in 0.00 ms.
Unloading 1785 Unused Serialized files (Serialized files now loaded: 0)
System memory in use before: 88.5 MB.
System memory in use after: 88.5 MB.

Unloading 12 unused Assets to reduce memory usage. Loaded Objects now: 2395.
Total: 2.282600 ms (FindLiveObjects: 0.246200 ms CreateObjectMapping: 0.043600 ms MarkObjects: 1.879200 ms  DeleteObjects: 0.111800 ms)

========================================================================
Received Prepare
Registering precompiled user dll's ...
Registered in 0.001859 seconds.
Begin MonoManager ReloadAssembly
Native extension for WindowsStandalone target not found
Native extension for WebGL target not found
Refreshing native plugins compatible for Editor in 0.50 ms, found 1 plugins.
Preloading 0 native plugins for Editor in 0.00 ms.
Invoked RoslynAnalysisRunner static constructor.
RoslynAnalysisRunner will not be running.
RoslynAnalysisRunner has terminated.
Mono: successfully reloaded assembly
- Completed reload, in  0.917 seconds
Platform modules already initialized, skipping
Refreshing native plugins compatible for Editor in 0.39 ms, found 1 plugins.
Preloading 0 native plugins for Editor in 0.00 ms.
Unloading 1785 Unused Serialized files (Serialized files now loaded: 0)
System memory in use before: 88.6 MB.
System memory in use after: 88.6 MB.

Unloading 12 unused Assets to reduce memory usage. Loaded Objects now: 2398.
Total: 2.337400 ms (FindLiveObjects: 0.225100 ms CreateObjectMapping: 0.045100 ms MarkObjects: 1.903700 ms  DeleteObjects: 0.162400 ms)

========================================================================
Received Prepare
Registering precompiled user dll's ...
Registered in 0.001172 seconds.
Begin MonoManager ReloadAssembly
Native extension for WindowsStandalone target not found
Native extension for WebGL target not found
Refreshing native plugins compatible for Editor in 0.39 ms, found 1 plugins.
Preloading 0 native plugins for Editor in 0.00 ms.
Invoked RoslynAnalysisRunner static constructor.
RoslynAnalysisRunner will not be running.
RoslynAnalysisRunner has terminated.
Mono: successfully reloaded assembly
- Completed reload, in  0.918 seconds
Platform modules already initialized, skipping
Refreshing native plugins compatible for Editor in 0.39 ms, found 1 plugins.
Preloading 0 native plugins for Editor in 0.00 ms.
Unloading 1785 Unused Serialized files (Serialized files now loaded: 0)
System memory in use before: 88.7 MB.
System memory in use after: 88.7 MB.

Unloading 12 unused Assets to reduce memory usage. Loaded Objects now: 2401.
Total: 2.615600 ms (FindLiveObjects: 0.231600 ms CreateObjectMapping: 0.043900 ms MarkObjects: 2.203700 ms  DeleteObjects: 0.135200 ms)

========================================================================
Received Prepare
Registering precompiled user dll's ...
Registered in 0.001387 seconds.
Begin MonoManager ReloadAssembly
Native extension for WindowsStandalone target not found
Native extension for WebGL target not found
Refreshing native plugins compatible for Editor in 0.39 ms, found 1 plugins.
Preloading 0 native plugins for Editor in 0.00 ms.
Invoked RoslynAnalysisRunner static constructor.
RoslynAnalysisRunner will not be running.
RoslynAnalysisRunner has terminated.
Mono: successfully reloaded assembly
- Completed reload, in  0.940 seconds
Platform modules already initialized, skipping
Refreshing native plugins compatible for Editor in 0.38 ms, found 1 plugins.
Preloading 0 native plugins for Editor in 0.00 ms.
Unloading 1785 Unused Serialized files (Serialized files now loaded: 0)
System memory in use before: 88.8 MB.
System memory in use after: 88.8 MB.

Unloading 12 unused Assets to reduce memory usage. Loaded Objects now: 2404.
Total: 2.674000 ms (FindLiveObjects: 0.249900 ms CreateObjectMapping: 0.049100 ms MarkObjects: 2.222100 ms  DeleteObjects: 0.151400 ms)

========================================================================
Received Prepare
Registering precompiled user dll's ...
Registered in 0.001314 seconds.
Begin MonoManager ReloadAssembly
Native extension for WindowsStandalone target not found
Native extension for WebGL target not found
Refreshing native plugins compatible for Editor in 0.39 ms, found 1 plugins.
Preloading 0 native plugins for Editor in 0.00 ms.
Invoked RoslynAnalysisRunner static constructor.
RoslynAnalysisRunner will not be running.
RoslynAnalysisRunner has terminated.
Mono: successfully reloaded assembly
- Completed reload, in  0.905 seconds
Platform modules already initialized, skipping
Refreshing native plugins compatible for Editor in 0.41 ms, found 1 plugins.
Preloading 0 native plugins for Editor in 0.00 ms.
Unloading 1785 Unused Serialized files (Serialized files now loaded: 0)
System memory in use before: 88.9 MB.
System memory in use after: 88.9 MB.

Unloading 12 unused Assets to reduce memory usage. Loaded Objects now: 2407.
Total: 2.319300 ms (FindLiveObjects: 0.291200 ms CreateObjectMapping: 0.046900 ms MarkObjects: 1.861300 ms  DeleteObjects: 0.118500 ms)

========================================================================
Received Prepare
Registering precompiled user dll's ...
Registered in 0.001219 seconds.
Begin MonoManager ReloadAssembly
Native extension for WindowsStandalone target not found
Native extension for WebGL target not found
Refreshing native plugins compatible for Editor in 0.39 ms, found 1 plugins.
Preloading 0 native plugins for Editor in 0.00 ms.
Invoked RoslynAnalysisRunner static constructor.
RoslynAnalysisRunner will not be running.
RoslynAnalysisRunner has terminated.
Mono: successfully reloaded assembly
- Completed reload, in  1.011 seconds
Platform modules already initialized, skipping
Refreshing native plugins compatible for Editor in 0.38 ms, found 1 plugins.
Preloading 0 native plugins for Editor in 0.00 ms.
Unloading 1785 Unused Serialized files (Serialized files now loaded: 0)
System memory in use before: 89.0 MB.
System memory in use after: 89.0 MB.

Unloading 12 unused Assets to reduce memory usage. Loaded Objects now: 2410.
Total: 2.198800 ms (FindLiveObjects: 0.252100 ms CreateObjectMapping: 0.044900 ms MarkObjects: 1.790600 ms  DeleteObjects: 0.110200 ms)

========================================================================
Received Prepare
Registering precompiled user dll's ...
Registered in 0.001212 seconds.
Begin MonoManager ReloadAssembly
Native extension for WindowsStandalone target not found
Native extension for WebGL target not found
Refreshing native plugins compatible for Editor in 0.41 ms, found 1 plugins.
Preloading 0 native plugins for Editor in 0.00 ms.
Invoked RoslynAnalysisRunner static constructor.
RoslynAnalysisRunner will not be running.
RoslynAnalysisRunner has terminated.
Mono: successfully reloaded assembly
- Completed reload, in  0.939 seconds
Platform modules already initialized, skipping
Refreshing native plugins compatible for Editor in 0.38 ms, found 1 plugins.
Preloading 0 native plugins for Editor in 0.00 ms.
Unloading 1785 Unused Serialized files (Serialized files now loaded: 0)
System memory in use before: 89.1 MB.
System memory in use after: 89.1 MB.

Unloading 12 unused Assets to reduce memory usage. Loaded Objects now: 2413.
Total: 3.032600 ms (FindLiveObjects: 0.236600 ms CreateObjectMapping: 0.044300 ms MarkObjects: 2.573400 ms  DeleteObjects: 0.175600 ms)

========================================================================
Received Prepare
Registering precompiled user dll's ...
Registered in 0.001231 seconds.
Begin MonoManager ReloadAssembly
Native extension for WindowsStandalone target not found
Native extension for WebGL target not found
Refreshing native plugins compatible for Editor in 0.60 ms, found 1 plugins.
Preloading 0 native plugins for Editor in 0.00 ms.
Invoked RoslynAnalysisRunner static constructor.
RoslynAnalysisRunner will not be running.
RoslynAnalysisRunner has terminated.
Mono: successfully reloaded assembly
- Completed reload, in  0.936 seconds
Platform modules already initialized, skipping
Refreshing native plugins compatible for Editor in 0.38 ms, found 1 plugins.
Preloading 0 native plugins for Editor in 0.00 ms.
Unloading 1785 Unused Serialized files (Serialized files now loaded: 0)
System memory in use before: 89.1 MB.
System memory in use after: 89.1 MB.

Unloading 12 unused Assets to reduce memory usage. Loaded Objects now: 2416.
Total: 2.846200 ms (FindLiveObjects: 0.313100 ms CreateObjectMapping: 0.050000 ms MarkObjects: 2.336100 ms  DeleteObjects: 0.145000 ms)

========================================================================
Received Prepare
Registering precompiled user dll's ...
Registered in 0.001170 seconds.
Begin MonoManager ReloadAssembly
Native extension for WindowsStandalone target not found
Native extension for WebGL target not found
Refreshing native plugins compatible for Editor in 0.38 ms, found 1 plugins.
Preloading 0 native plugins for Editor in 0.00 ms.
Invoked RoslynAnalysisRunner static constructor.
RoslynAnalysisRunner will not be running.
RoslynAnalysisRunner has terminated.
Mono: successfully reloaded assembly
- Completed reload, in  0.943 seconds
Platform modules already initialized, skipping
Refreshing native plugins compatible for Editor in 0.49 ms, found 1 plugins.
Preloading 0 native plugins for Editor in 0.00 ms.
Unloading 1785 Unused Serialized files (Serialized files now loaded: 0)
System memory in use before: 89.2 MB.
System memory in use after: 89.2 MB.

Unloading 12 unused Assets to reduce memory usage. Loaded Objects now: 2419.
Total: 2.673300 ms (FindLiveObjects: 0.264600 ms CreateObjectMapping: 0.046400 ms MarkObjects: 2.239500 ms  DeleteObjects: 0.120500 ms)

========================================================================
Received Prepare
Registering precompiled user dll's ...
Registered in 0.001400 seconds.
Begin MonoManager ReloadAssembly
Native extension for WindowsStandalone target not found
Native extension for WebGL target not found
Refreshing native plugins compatible for Editor in 0.39 ms, found 1 plugins.
Preloading 0 native plugins for Editor in 0.00 ms.
Invoked RoslynAnalysisRunner static constructor.
RoslynAnalysisRunner will not be running.
RoslynAnalysisRunner has terminated.
Mono: successfully reloaded assembly
- Completed reload, in  0.933 seconds
Platform modules already initialized, skipping
Refreshing native plugins compatible for Editor in 0.62 ms, found 1 plugins.
Preloading 0 native plugins for Editor in 0.00 ms.
Unloading 1785 Unused Serialized files (Serialized files now loaded: 0)
System memory in use before: 88.3 MB.
System memory in use after: 88.3 MB.

Unloading 12 unused Assets to reduce memory usage. Loaded Objects now: 2422.
Total: 2.451100 ms (FindLiveObjects: 0.251400 ms CreateObjectMapping: 0.045200 ms MarkObjects: 2.028900 ms  DeleteObjects: 0.123300 ms)

========================================================================
Received Prepare
Registering precompiled user dll's ...
Registered in 0.001241 seconds.
Begin MonoManager ReloadAssembly
Native extension for WindowsStandalone target not found
Native extension for WebGL target not found
Refreshing native plugins compatible for Editor in 0.62 ms, found 1 plugins.
Preloading 0 native plugins for Editor in 0.00 ms.
Invoked RoslynAnalysisRunner static constructor.
RoslynAnalysisRunner will not be running.
RoslynAnalysisRunner has terminated.
Mono: successfully reloaded assembly
- Completed reload, in  1.051 seconds
Platform modules already initialized, skipping
Refreshing native plugins compatible for Editor in 0.73 ms, found 1 plugins.
Preloading 0 native plugins for Editor in 0.00 ms.
Unloading 1785 Unused Serialized files (Serialized files now loaded: 0)
System memory in use before: 88.4 MB.
System memory in use after: 88.4 MB.

Unloading 12 unused Assets to reduce memory usage. Loaded Objects now: 2425.
Total: 4.703900 ms (FindLiveObjects: 0.416900 ms CreateObjectMapping: 0.090700 ms MarkObjects: 3.880500 ms  DeleteObjects: 0.311200 ms)

========================================================================
Received Prepare
Registering precompiled user dll's ...
Registered in 0.001371 seconds.
Begin MonoManager ReloadAssembly
Native extension for WindowsStandalone target not found
Native extension for WebGL target not found
Refreshing native plugins compatible for Editor in 0.43 ms, found 1 plugins.
Preloading 0 native plugins for Editor in 0.00 ms.
Invoked RoslynAnalysisRunner static constructor.
RoslynAnalysisRunner will not be running.
RoslynAnalysisRunner has terminated.
Mono: successfully reloaded assembly
- Completed reload, in  0.967 seconds
Platform modules already initialized, skipping
Refreshing native plugins compatible for Editor in 0.61 ms, found 1 plugins.
Preloading 0 native plugins for Editor in 0.00 ms.
Unloading 1785 Unused Serialized files (Serialized files now loaded: 0)
System memory in use before: 88.5 MB.
System memory in use after: 88.5 MB.

Unloading 12 unused Assets to reduce memory usage. Loaded Objects now: 2428.
Total: 2.845700 ms (FindLiveObjects: 0.227100 ms CreateObjectMapping: 0.044900 ms MarkObjects: 2.362300 ms  DeleteObjects: 0.209500 ms)

========================================================================
Received Prepare
Registering precompiled user dll's ...
Registered in 0.001671 seconds.
Begin MonoManager ReloadAssembly
Native extension for WindowsStandalone target not found
Native extension for WebGL target not found
Refreshing native plugins compatible for Editor in 0.39 ms, found 1 plugins.
Preloading 0 native plugins for Editor in 0.00 ms.
Invoked RoslynAnalysisRunner static constructor.
RoslynAnalysisRunner will not be running.
RoslynAnalysisRunner has terminated.
Mono: successfully reloaded assembly
- Completed reload, in  0.918 seconds
Platform modules already initialized, skipping
Refreshing native plugins compatible for Editor in 0.37 ms, found 1 plugins.
Preloading 0 native plugins for Editor in 0.00 ms.
Unloading 1785 Unused Serialized files (Serialized files now loaded: 0)
System memory in use before: 88.6 MB.
System memory in use after: 88.6 MB.

Unloading 12 unused Assets to reduce memory usage. Loaded Objects now: 2431.
Total: 2.742300 ms (FindLiveObjects: 0.393400 ms CreateObjectMapping: 0.064400 ms MarkObjects: 2.159700 ms  DeleteObjects: 0.123400 ms)

========================================================================
Received Prepare
Registering precompiled user dll's ...
Registered in 0.001519 seconds.
Begin MonoManager ReloadAssembly
Native extension for WindowsStandalone target not found
Native extension for WebGL target not found
Refreshing native plugins compatible for Editor in 0.38 ms, found 1 plugins.
Preloading 0 native plugins for Editor in 0.00 ms.
Invoked RoslynAnalysisRunner static constructor.
RoslynAnalysisRunner will not be running.
RoslynAnalysisRunner has terminated.
Mono: successfully reloaded assembly
- Completed reload, in  0.945 seconds
Platform modules already initialized, skipping
Refreshing native plugins compatible for Editor in 0.68 ms, found 1 plugins.
Preloading 0 native plugins for Editor in 0.00 ms.
Unloading 1785 Unused Serialized files (Serialized files now loaded: 0)
System memory in use before: 88.7 MB.
System memory in use after: 88.7 MB.

Unloading 12 unused Assets to reduce memory usage. Loaded Objects now: 2434.
Total: 3.267100 ms (FindLiveObjects: 0.296000 ms CreateObjectMapping: 0.057600 ms MarkObjects: 2.748700 ms  DeleteObjects: 0.163200 ms)

========================================================================
Received Prepare
Registering precompiled user dll's ...
Registered in 0.001514 seconds.
Begin MonoManager ReloadAssembly
Native extension for WindowsStandalone target not found
Native extension for WebGL target not found
Refreshing native plugins compatible for Editor in 0.46 ms, found 1 plugins.
Preloading 0 native plugins for Editor in 0.00 ms.
Invoked RoslynAnalysisRunner static constructor.
RoslynAnalysisRunner will not be running.
RoslynAnalysisRunner has terminated.
Mono: successfully reloaded assembly
- Completed reload, in  1.093 seconds
Platform modules already initialized, skipping
Refreshing native plugins compatible for Editor in 0.64 ms, found 1 plugins.
Preloading 0 native plugins for Editor in 0.00 ms.
Unloading 1785 Unused Serialized files (Serialized files now loaded: 0)
System memory in use before: 88.8 MB.
System memory in use after: 88.8 MB.

Unloading 12 unused Assets to reduce memory usage. Loaded Objects now: 2437.
Total: 2.448700 ms (FindLiveObjects: 0.278400 ms CreateObjectMapping: 0.048800 ms MarkObjects: 1.992300 ms  DeleteObjects: 0.127200 ms)

========================================================================
Received Prepare
Registering precompiled user dll's ...
Registered in 0.001302 seconds.
Begin MonoManager ReloadAssembly
Native extension for WindowsStandalone target not found
Native extension for WebGL target not found
Refreshing native plugins compatible for Editor in 0.63 ms, found 1 plugins.
Preloading 0 native plugins for Editor in 0.00 ms.
Invoked RoslynAnalysisRunner static constructor.
RoslynAnalysisRunner will not be running.
RoslynAnalysisRunner has terminated.
Mono: successfully reloaded assembly
- Completed reload, in  0.916 seconds
Platform modules already initialized, skipping
Refreshing native plugins compatible for Editor in 0.42 ms, found 1 plugins.
Preloading 0 native plugins for Editor in 0.00 ms.
Unloading 1785 Unused Serialized files (Serialized files now loaded: 0)
System memory in use before: 88.9 MB.
System memory in use after: 88.9 MB.

Unloading 12 unused Assets to reduce memory usage. Loaded Objects now: 2440.
Total: 2.543400 ms (FindLiveObjects: 0.299600 ms CreateObjectMapping: 0.046500 ms MarkObjects: 2.069500 ms  DeleteObjects: 0.126100 ms)

========================================================================
Received Prepare
Registering precompiled user dll's ...
Registered in 0.001306 seconds.
Begin MonoManager ReloadAssembly
Native extension for WindowsStandalone target not found
Native extension for WebGL target not found
Refreshing native plugins compatible for Editor in 0.42 ms, found 1 plugins.
Preloading 0 native plugins for Editor in 0.00 ms.
Invoked RoslynAnalysisRunner static constructor.
RoslynAnalysisRunner will not be running.
RoslynAnalysisRunner has terminated.
Mono: successfully reloaded assembly
- Completed reload, in  0.916 seconds
Platform modules already initialized, skipping
Refreshing native plugins compatible for Editor in 0.40 ms, found 1 plugins.
Preloading 0 native plugins for Editor in 0.00 ms.
Unloading 1785 Unused Serialized files (Serialized files now loaded: 0)
System memory in use before: 89.0 MB.
System memory in use after: 89.0 MB.

Unloading 12 unused Assets to reduce memory usage. Loaded Objects now: 2443.
Total: 2.571600 ms (FindLiveObjects: 0.398400 ms CreateObjectMapping: 0.074900 ms MarkObjects: 1.971400 ms  DeleteObjects: 0.124900 ms)

========================================================================
Received Prepare
Registering precompiled user dll's ...
Registered in 0.001205 seconds.
Begin MonoManager ReloadAssembly
Native extension for WindowsStandalone target not found
Native extension for WebGL target not found
Refreshing native plugins compatible for Editor in 0.46 ms, found 1 plugins.
Preloading 0 native plugins for Editor in 0.00 ms.
Invoked RoslynAnalysisRunner static constructor.
RoslynAnalysisRunner will not be running.
RoslynAnalysisRunner has terminated.
Mono: successfully reloaded assembly
- Completed reload, in  0.938 seconds
Platform modules already initialized, skipping
Refreshing native plugins compatible for Editor in 0.47 ms, found 1 plugins.
Preloading 0 native plugins for Editor in 0.00 ms.
Unloading 1785 Unused Serialized files (Serialized files now loaded: 0)
System memory in use before: 89.1 MB.
System memory in use after: 89.1 MB.

Unloading 12 unused Assets to reduce memory usage. Loaded Objects now: 2446.
Total: 5.085800 ms (FindLiveObjects: 0.270500 ms CreateObjectMapping: 0.045200 ms MarkObjects: 4.593300 ms  DeleteObjects: 0.174900 ms)

========================================================================
Received Prepare
Registering precompiled user dll's ...
Registered in 0.001202 seconds.
Begin MonoManager ReloadAssembly
Native extension for WindowsStandalone target not found
Native extension for WebGL target not found
Refreshing native plugins compatible for Editor in 0.41 ms, found 1 plugins.
Preloading 0 native plugins for Editor in 0.00 ms.
Invoked RoslynAnalysisRunner static constructor.
RoslynAnalysisRunner will not be running.
RoslynAnalysisRunner has terminated.
Mono: successfully reloaded assembly
- Completed reload, in  0.924 seconds
Platform modules already initialized, skipping
Refreshing native plugins compatible for Editor in 0.62 ms, found 1 plugins.
Preloading 0 native plugins for Editor in 0.00 ms.
Unloading 1785 Unused Serialized files (Serialized files now loaded: 0)
System memory in use before: 89.2 MB.
System memory in use after: 89.2 MB.

Unloading 12 unused Assets to reduce memory usage. Loaded Objects now: 2449.
Total: 2.859700 ms (FindLiveObjects: 0.340200 ms CreateObjectMapping: 0.061400 ms MarkObjects: 2.319900 ms  DeleteObjects: 0.137000 ms)

========================================================================
Received Prepare
Registering precompiled user dll's ...
Registered in 0.001164 seconds.
Begin MonoManager ReloadAssembly
Native extension for WindowsStandalone target not found
Native extension for WebGL target not found
Refreshing native plugins compatible for Editor in 0.48 ms, found 1 plugins.
Preloading 0 native plugins for Editor in 0.00 ms.
Invoked RoslynAnalysisRunner static constructor.
RoslynAnalysisRunner will not be running.
RoslynAnalysisRunner has terminated.
Mono: successfully reloaded assembly
- Completed reload, in  0.916 seconds
Platform modules already initialized, skipping
Refreshing native plugins compatible for Editor in 0.45 ms, found 1 plugins.
Preloading 0 native plugins for Editor in 0.00 ms.
Unloading 1785 Unused Serialized files (Serialized files now loaded: 0)
System memory in use before: 89.3 MB.
System memory in use after: 89.3 MB.

Unloading 12 unused Assets to reduce memory usage. Loaded Objects now: 2452.
Total: 2.504700 ms (FindLiveObjects: 0.306100 ms CreateObjectMapping: 0.047000 ms MarkObjects: 2.018900 ms  DeleteObjects: 0.131400 ms)

========================================================================
Received Prepare
Registering precompiled user dll's ...
Registered in 0.001164 seconds.
Begin MonoManager ReloadAssembly
Native extension for WindowsStandalone target not found
Native extension for WebGL target not found
Refreshing native plugins compatible for Editor in 0.39 ms, found 1 plugins.
Preloading 0 native plugins for Editor in 0.00 ms.
Invoked RoslynAnalysisRunner static constructor.
RoslynAnalysisRunner will not be running.
RoslynAnalysisRunner has terminated.
Mono: successfully reloaded assembly
- Completed reload, in  1.014 seconds
Platform modules already initialized, skipping
Refreshing native plugins compatible for Editor in 0.51 ms, found 1 plugins.
Preloading 0 native plugins for Editor in 0.00 ms.
Unloading 1785 Unused Serialized files (Serialized files now loaded: 0)
System memory in use before: 89.3 MB.
System memory in use after: 89.3 MB.

Unloading 12 unused Assets to reduce memory usage. Loaded Objects now: 2455.
Total: 2.731100 ms (FindLiveObjects: 0.331000 ms CreateObjectMapping: 0.050300 ms MarkObjects: 2.218300 ms  DeleteObjects: 0.129000 ms)

AssetImportWorkerClient::OnTransportError - code=2 error=End of file
